<?xml version="1.0" encoding="UTF-8"?>
<!-- Generated by org.testng.reporters.JUnitXMLReporter -->
<testsuite hostname="USMGX466H2" name="book-flight-4" tests="5" failures="0" timestamp="21 Dec 2019 13:51:33 GMT" time="95.1" errors="0">
  <testcase name="registrationPage" time="34.746" classname="com.newtours.tests.BookFlightTest"/>
  <testcase name="registrationConfirmationPage" time="1.878" classname="com.newtours.tests.BookFlightTest"/>
  <testcase name="flightDetailsPage" time="3.282" classname="com.newtours.tests.BookFlightTest"/>
  <testcase name="findFlightPage" time="3.874" classname="com.newtours.tests.BookFlightTest"/>
  <testcase name="flightConfirmationPage" time="2.23" classname="com.newtours.tests.BookFlightTest"/>
</testsuite> <!-- book-flight-4 -->
