<?xml version="1.0" encoding="UTF-8"?>
<!-- Generated by org.testng.reporters.JUnitXMLReporter -->
<testsuite hostname="USMGX466H2" name="book-flight-2" tests="5" failures="0" timestamp="21 Dec 2019 13:48:17 GMT" time="106.872" errors="0">
  <testcase name="registrationPage" time="40.85" classname="com.newtours.tests.BookFlightTest"/>
  <testcase name="registrationConfirmationPage" time="3.058" classname="com.newtours.tests.BookFlightTest"/>
  <testcase name="flightDetailsPage" time="4.449" classname="com.newtours.tests.BookFlightTest"/>
  <testcase name="findFlightPage" time="9.669" classname="com.newtours.tests.BookFlightTest"/>
  <testcase name="flightConfirmationPage" time="3.912" classname="com.newtours.tests.BookFlightTest"/>
</testsuite> <!-- book-flight-2 -->
