<?xml version="1.0" encoding="UTF-8"?>
<!-- Generated by org.testng.reporters.JUnitXMLReporter -->
<testsuite hostname="USMGX466H2" name="book-flight-1" tests="5" failures="0" timestamp="21 Dec 2019 13:46:30 GMT" time="83.542" errors="0">
  <testcase name="registrationPage" time="32.14" classname="com.newtours.tests.BookFlightTest"/>
  <testcase name="registrationConfirmationPage" time="1.348" classname="com.newtours.tests.BookFlightTest"/>
  <testcase name="flightDetailsPage" time="2.321" classname="com.newtours.tests.BookFlightTest"/>
  <testcase name="findFlightPage" time="6.73" classname="com.newtours.tests.BookFlightTest"/>
  <testcase name="flightConfirmationPage" time="7.033" classname="com.newtours.tests.BookFlightTest"/>
</testsuite> <!-- book-flight-1 -->
